[debug] [2026-07-20T12:39:38.345Z] ----------------------------------------------------------------------
[debug] [2026-07-20T12:39:38.348Z] Command:       C:\Program Files\nodejs\node.exe C:\Users\Global\AppData\Roaming\npm\node_modules\firebase-tools\lib\bin\firebase.js deploy
[debug] [2026-07-20T12:39:38.365Z] CLI Version:   15.22.4
[debug] [2026-07-20T12:39:38.365Z] Platform:      win32
[debug] [2026-07-20T12:39:38.365Z] Node Version:  v25.2.1
[debug] [2026-07-20T12:39:38.366Z] Detected Agent: unknown
[debug] [2026-07-20T12:39:38.386Z] Time:          Mon Jul 20 2026 15:39:38 GMT+0300 (Eastern European Summer Time)
[debug] [2026-07-20T12:39:38.386Z] ----------------------------------------------------------------------
[debug] 
[debug] [2026-07-20T12:39:38.390Z] >>> [apiv2][query] GET https://firebase-public.firebaseio.com/cli.json [none]
[debug] [2026-07-20T12:40:50.935Z] > command requires scopes: ["email","openid","https://www.googleapis.com/auth/cloudplatformprojects.readonly","https://www.googleapis.com/auth/firebase","https://www.googleapis.com/auth/cloud-platform"]
[debug] [2026-07-20T12:40:50.935Z] > authorizing via signed-in user (work.1ae85@gmail.com)
[debug] [2026-07-20T12:40:50.936Z] [iam] checking project production1-ae85 for permissions ["firebase.projects.get","firebasehosting.sites.update"]
[debug] [2026-07-20T12:40:50.938Z] Checked if tokens are valid: false, expires at: 1783349315518
[debug] [2026-07-20T12:40:50.938Z] Checked if tokens are valid: false, expires at: 1783349315518
[debug] [2026-07-20T12:40:50.939Z] > refreshing access token with scopes: []
[debug] [2026-07-20T12:40:50.968Z] >>> [apiv2][query] POST https://www.googleapis.com/oauth2/v3/token [none]
[debug] [2026-07-20T12:40:50.968Z] >>> [apiv2][body] POST https://www.googleapis.com/oauth2/v3/token [omitted]
[debug] [2026-07-20T12:40:54.913Z] <<< [apiv2][status] GET https://firebase-public.firebaseio.com/cli.json 200
[debug] [2026-07-20T12:40:54.913Z] <<< [apiv2][body] GET https://firebase-public.firebaseio.com/cli.json {"cloudBuildErrorAfter":1594252800000,"cloudBuildWarnAfter":1590019200000,"defaultNode10After":1594252800000,"minVersion":"3.0.5","node8DeploysDisabledAfter":1613390400000,"node8RuntimeDisabledAfter":1615809600000,"node8WarnAfter":1600128000000}
[debug] [2026-07-20T12:41:13.615Z] *** [apiv2] error from fetch(https://www.googleapis.com/oauth2/v3/token, {"headers":{},"method":"POST","body":{"type":"Buffer","data":[45,45,45,45,45,45,45,45,45,45,45,45,45,45,45,45,45,45,45,45,45,45,45,45,45,45,45,45,51,52,55,53,51,102,99,50,49,100,98,98,97,98,50,55,56,50,97,54,102,54,102,50,13,10,67,111,110,116,101,110,116,45,68,105,115,112,111,115,105,116,105,111,110,58,32,102,111,114,109,45,100,97,116,97,59,32,110,97,109,101,61,34,114,101,102,114,101,115,104,95,116,111,107,101,110,34,13,10,13,10,49,47,47,48,51,103,110,121,45,74,54,72,120,52,109,81,67,103,89,73,65,82,65,65,71,65,77,83,78,119,70,45,76,57,73,114,99,108,101,102,107,67,54,68,79,69,109,66,101,54,90,56,98,95,49,119,57,107,81,49,105,84,67,112,57,106,109,75,68,89,55,85,86,84,83,52,87,90,50,48,53,122,100,110,76,107,51,99,77,98,75,102,116,49,118,66,114,86,97,105,54,108,65,13,10,45,45,45,45,45,45,45,45,45,45,45,45,45,45,45,45,45,45,45,45,45,45,45,45,45,45,45,45,51,52,55,53,51,102,99,50,49,100,98,98,97,98,50,55,56,50,97,54,102,54,102,50,13,10,67,111,110,116,101,110,116,45,68,105,115,112,111,115,105,116,105,111,110,58,32,102,111,114,109,45,100,97,116,97,59,32,110,97,109,101,61,34,99,108,105,101,110,116,95,105,100,34,13,10,13,10,53,54,51,53,56,52,51,51,53,56,54,57,45,102,103,114,104,103,109,100,52,55,98,113,110,101,107,105,106,53,105,56,98,53,112,114,48,51,104,111,56,52,57,101,54,46,97,112,112,115,46,103,111,111,103,108,101,117,115,101,114,99,111,110,116,101,110,116,46,99,111,109,13,10,45,45,45,45,45,45,45,45,45,45,45,45,45,45,45,45,45,45,45,45,45,45,45,45,45,45,45,45,51,52,55,53,51,102,99,50,49,100,98,98,97,98,50,55,56,50,97,54,102,54,102,50,13,10,67,111,110,116,101,110,116,45,68,105,115,112,111,115,105,116,105,111,110,58,32,102,111,114,109,45,100,97,116,97,59,32,110,97,109,101,61,34,99,108,105,101,110,116,95,115,101,99,114,101,116,34,13,10,13,10,106,57,105,86,90,102,83,56,107,107,67,69,70,85,80,97,65,101,74,86,48,115,65,105,13,10,45,45,45,45,45,45,45,45,45,45,45,45,45,45,45,45,45,45,45,45,45,45,45,45,45,45,45,45,51,52,55,53,51,102,99,50,49,100,98,98,97,98,50,55,56,50,97,54,102,54,102,50,13,10,67,111,110,116,101,110,116,45,68,105,115,112,111,115,105,116,105,111,110,58,32,102,111,114,109,45,100,97,116,97,59,32,110,97,109,101,61,34,103,114,97,110,116,95,116,121,112,101,34,13,10,13,10,114,101,102,114,101,115,104,95,116,111,107,101,110,13,10,45,45,45,45,45,45,45,45,45,45,45,45,45,45,45,45,45,45,45,45,45,45,45,45,45,45,45,45,51,52,55,53,51,102,99,50,49,100,98,98,97,98,50,55,56,50,97,54,102,54,102,50,13,10,67,111,110,116,101,110,116,45,68,105,115,112,111,115,105,116,105,111,110,58,32,102,111,114,109,45,100,97,116,97,59,32,110,97,109,101,61,34,115,99,111,112,101,34,13,10,13,10,13,10,45,45,45,45,45,45,45,45,45,45,45,45,45,45,45,45,45,45,45,45,45,45,45,45,45,45,45,45,51,52,55,53,51,102,99,50,49,100,98,98,97,98,50,55,56,50,97,54,102,54,102,50,45,45,13,10]}}): FetchError: request to https://www.googleapis.com/oauth2/v3/token failed, reason: 
[error] Authentication Error: Your credentials are no longer valid. Please run firebase login --reauth

For CI servers and headless environments, generate a new token with firebase login:ci
[debug] [2026-07-20T12:41:13.647Z] [iam] error while checking permissions, command may fail: Authentication Error: Your credentials are no longer valid. Please run firebase login --reauth

For CI servers and headless environments, generate a new token with firebase login:ci
[debug] [2026-07-20T12:41:13.650Z] Checked if tokens are valid: false, expires at: 1783349315518
[debug] [2026-07-20T12:41:13.651Z] Checked if tokens are valid: false, expires at: 1783349315518
[debug] [2026-07-20T12:41:13.651Z] > refreshing access token with scopes: []
[debug] [2026-07-20T12:41:13.653Z] >>> [apiv2][query] POST https://www.googleapis.com/oauth2/v3/token [none]
[debug] [2026-07-20T12:41:13.653Z] >>> [apiv2][body] POST https://www.googleapis.com/oauth2/v3/token [omitted]
[debug] [2026-07-20T12:41:13.920Z] <<< [apiv2][status] POST https://www.googleapis.com/oauth2/v3/token 200
[debug] [2026-07-20T12:41:13.921Z] <<< [apiv2][body] POST https://www.googleapis.com/oauth2/v3/token [omitted]
[debug] [2026-07-20T12:41:13.999Z] >>> [apiv2][query] GET https://firebase.googleapis.com/v1beta1/projects/production1-ae85 [none]
[debug] [2026-07-20T12:41:42.231Z] *** [apiv2] error from fetch(https://firebase.googleapis.com/v1beta1/projects/production1-ae85, {"headers":{},"method":"GET","signal":{"reason":""}}): FetchError: request to https://firebase.googleapis.com/v1beta1/projects/production1-ae85 failed, reason: 
[debug] [2026-07-20T12:41:42.232Z] Failed to make request to https://firebase.googleapis.com/v1beta1/projects/production1-ae85 (original: request to https://firebase.googleapis.com/v1beta1/projects/production1-ae85 failed, reason: )
[debug] [2026-07-20T12:41:47.313Z] Error: Timed out.
    at Timeout._onTimeout (C:\Users\Global\AppData\Roaming\npm\node_modules\firebase-tools\lib\utils.js:313:49)
    at listOnTimeout (node:internal/timers:605:17)
    at process.processTimers (node:internal/timers:541:7)
[error] 
[error] Error: An unexpected error has occurred.
[debug] [2026-07-20T12:42:04.941Z] ----------------------------------------------------------------------
[debug] [2026-07-20T12:42:04.949Z] Command:       C:\Program Files\nodejs\node.exe C:\Users\Global\AppData\Roaming\npm\node_modules\firebase-tools\lib\bin\firebase.js init
[debug] [2026-07-20T12:42:04.950Z] CLI Version:   15.22.4
[debug] [2026-07-20T12:42:04.950Z] Platform:      win32
[debug] [2026-07-20T12:42:04.950Z] Node Version:  v25.2.1
[debug] [2026-07-20T12:42:04.951Z] Detected Agent: unknown
[debug] [2026-07-20T12:42:04.951Z] Time:          Mon Jul 20 2026 15:42:04 GMT+0300 (Eastern European Summer Time)
[debug] [2026-07-20T12:42:04.951Z] ----------------------------------------------------------------------
[debug] 
[info] 
     ######## #### ########  ######## ########     ###     ######  ########
     ##        ##  ##     ## ##       ##     ##  ##   ##  ##       ##
     ######    ##  ########  ######   ########  #########  ######  ######
     ##        ##  ##    ##  ##       ##     ## ##     ##       ## ##
     ##       #### ##     ## ######## ########  ##     ##  ######  ########

You're about to initialize a Firebase project in this directory:

  C:\Users\Global\Desktop\NDEDC_Production

Before we get started, keep in mind:

  * You are initializing within an existing Firebase project directory

[info] 
=== Project Setup
[info] 
[info] First, let's associate this project directory with a Firebase project.
[info] You can create multiple project aliases by running firebase use --add, 
[info] 
[debug] [2026-07-20T12:42:33.252Z] > command requires scopes: ["email","openid","https://www.googleapis.com/auth/cloudplatformprojects.readonly","https://www.googleapis.com/auth/firebase","https://www.googleapis.com/auth/cloud-platform"]
[debug] [2026-07-20T12:42:33.253Z] > authorizing via signed-in user (work.1ae85@gmail.com)
[debug] [2026-07-20T12:42:33.255Z] Checked if tokens are valid: true, expires at: 1784554872921
[debug] [2026-07-20T12:42:33.255Z] Checked if tokens are valid: true, expires at: 1784554872921
[debug] [2026-07-20T12:42:33.257Z] >>> [apiv2][query] GET https://firebase.googleapis.com/v1beta1/projects/production1-ae85 [none]
[debug] [2026-07-20T12:42:33.964Z] <<< [apiv2][status] GET https://firebase.googleapis.com/v1beta1/projects/production1-ae85 200
[debug] [2026-07-20T12:42:33.965Z] <<< [apiv2][body] GET https://firebase.googleapis.com/v1beta1/projects/production1-ae85 {"projectId":"production1-ae85","projectNumber":"490438031865","displayName":" Production-Deploy-DB","name":"projects/production1-ae85","resources":{"hostingSite":"production1-ae85","realtimeDatabaseInstance":"production1-ae85-default-rtdb"},"state":"ACTIVE","labels":{"firebase":"enabled"},"etag":"1_70b55c6b-6608-44b9-9679-c0276805fcdd"}
[info] i  Using project production1-ae85 ( Production-Deploy-DB) . 
[info] 
=== Hosting Setup
[debug] [2026-07-20T12:42:34.273Z] Checked if tokens are valid: true, expires at: 1784554872921
[debug] [2026-07-20T12:42:34.273Z] Checked if tokens are valid: true, expires at: 1784554872921
[debug] [2026-07-20T12:42:34.274Z] >>> [apiv2][query] GET https://firebase.googleapis.com/v1beta1/projects/production1-ae85 [none]
[debug] [2026-07-20T12:42:34.602Z] <<< [apiv2][status] GET https://firebase.googleapis.com/v1beta1/projects/production1-ae85 200
[debug] [2026-07-20T12:42:34.617Z] <<< [apiv2][body] GET https://firebase.googleapis.com/v1beta1/projects/production1-ae85 {"projectId":"production1-ae85","projectNumber":"490438031865","displayName":" Production-Deploy-DB","name":"projects/production1-ae85","resources":{"hostingSite":"production1-ae85","realtimeDatabaseInstance":"production1-ae85-default-rtdb"},"state":"ACTIVE","labels":{"firebase":"enabled"},"etag":"1_70b55c6b-6608-44b9-9679-c0276805fcdd"}
[info] 
[info] Your public directory is the folder (relative to your project directory) that
[info] will contain Hosting assets to be uploaded with firebase deploy. If you
[info] have a build process for your assets, use your build's output directory.
[info] 
[debug] [2026-07-20T12:42:57.316Z] >>> [apiv2][query] GET https://www.gstatic.com/firebasejs/releases.json [none]
[debug] [2026-07-20T12:42:57.564Z] <<< [apiv2][status] GET https://www.gstatic.com/firebasejs/releases.json 200
[debug] [2026-07-20T12:42:57.565Z] <<< [apiv2][body] GET https://www.gstatic.com/firebasejs/releases.json {"current":{"version":"12.16.0","browserURL":"https://www.gstatic.com/firebasejs/12.16.0/firebase.js","packageURL":"https://www.gstatic.com/firebasejs/12.16.0/firebase.tgz"},"live":{"version":"12.16","browserURL":"https://www.gstatic.com/firebasejs/live/12.16/firebase.js","packageURL":"https://www.gstatic.com/firebasejs/live/12.16/firebase.tgz"},"components":{"ai":"https://www.gstatic.com/firebasejs/12.16.0/firebase-ai.js","analytics":"https://www.gstatic.com/firebasejs/12.16.0/firebase-analytics.js","app":"https://www.gstatic.com/firebasejs/12.16.0/firebase-app.js","app-check":"https://www.gstatic.com/firebasejs/12.16.0/firebase-app-check.js","auth":"https://www.gstatic.com/firebasejs/12.16.0/firebase-auth.js","auth/cordova":"https://www.gstatic.com/firebasejs/12.16.0/firebase-auth/cordova.js","auth/web-extension":"https://www.gstatic.com/firebasejs/12.16.0/firebase-auth/web-extension.js","functions":"https://www.gstatic.com/firebasejs/12.16.0/firebase-functions.js","firestore":"https://www.gstatic.com/firebasejs/12.16.0/firebase-firestore.js","firestore/lite":"https://www.gstatic.com/firebasejs/12.16.0/firebase-firestore/lite.js","firestore/pipelines":"https://www.gstatic.com/firebasejs/12.16.0/firebase-firestore/pipelines.js","firestore/lite/pipelines":"https://www.gstatic.com/firebasejs/12.16.0/firebase-firestore/lite/pipelines.js","installations":"https://www.gstatic.com/firebasejs/12.16.0/firebase-installations.js","storage":"https://www.gstatic.com/firebasejs/12.16.0/firebase-storage.js","performance":"https://www.gstatic.com/firebasejs/12.16.0/firebase-performance.js","remote-config":"https://www.gstatic.com/firebasejs/12.16.0/firebase-remote-config.js","messaging":"https://www.gstatic.com/firebasejs/12.16.0/firebase-messaging.js","messaging/sw":"https://www.gstatic.com/firebasejs/12.16.0/firebase-messaging/sw.js","database":"https://www.gstatic.com/firebasejs/12.16.0/firebase-database.js","data-connect":"https://www.gstatic.com/firebasejs/12.16.0/firebase-data-connect.js","firestore.memory":"https://www.gstatic.com/firebasejs/12.16.0/firebase-firestore.memory.js"}}
[info] +  Wrote y\index.html 
[info] 
=== Agent Skills Setup
[info] If you are using an AI coding agent, Firebase Agent Skills make it an expert at Firebase.
[info] 
[info] +  Wrote configuration info to firebase.json 
[info] +  Wrote project information to .firebaserc 
[info] 
[info] +  Firebase initialization complete! 
[debug] [2026-07-20T12:43:08.803Z] Error: Timed out.
    at Timeout._onTimeout (C:\Users\Global\AppData\Roaming\npm\node_modules\firebase-tools\lib\utils.js:313:49)
    at listOnTimeout (node:internal/timers:605:17)
    at process.processTimers (node:internal/timers:541:7)
[error] 
[error] Error: An unexpected error has occurred.
[debug] [2026-07-20T12:43:17.162Z] ----------------------------------------------------------------------
[debug] [2026-07-20T12:43:17.165Z] Command:       C:\Program Files\nodejs\node.exe C:\Users\Global\AppData\Roaming\npm\node_modules\firebase-tools\lib\bin\firebase.js deploy
[debug] [2026-07-20T12:43:17.165Z] CLI Version:   15.22.4
[debug] [2026-07-20T12:43:17.166Z] Platform:      win32
[debug] [2026-07-20T12:43:17.166Z] Node Version:  v25.2.1
[debug] [2026-07-20T12:43:17.166Z] Detected Agent: unknown
[debug] [2026-07-20T12:43:17.166Z] Time:          Mon Jul 20 2026 15:43:17 GMT+0300 (Eastern European Summer Time)
[debug] [2026-07-20T12:43:17.166Z] ----------------------------------------------------------------------
[debug] 
[debug] [2026-07-20T12:43:20.649Z] > command requires scopes: ["email","openid","https://www.googleapis.com/auth/cloudplatformprojects.readonly","https://www.googleapis.com/auth/firebase","https://www.googleapis.com/auth/cloud-platform"]
[debug] [2026-07-20T12:43:20.649Z] > authorizing via signed-in user (work.1ae85@gmail.com)
[debug] [2026-07-20T12:43:20.649Z] [iam] checking project production1-ae85 for permissions ["firebase.projects.get","firebasehosting.sites.update"]
[debug] [2026-07-20T12:43:20.652Z] Checked if tokens are valid: true, expires at: 1784554872921
[debug] [2026-07-20T12:43:20.652Z] Checked if tokens are valid: true, expires at: 1784554872921
[debug] [2026-07-20T12:43:20.654Z] >>> [apiv2][query] POST https://cloudresourcemanager.googleapis.com/v1/projects/production1-ae85:testIamPermissions [none]
[debug] [2026-07-20T12:43:20.654Z] >>> [apiv2][(partial)header] POST https://cloudresourcemanager.googleapis.com/v1/projects/production1-ae85:testIamPermissions  x-goog-user-project=production1-ae85
[debug] [2026-07-20T12:43:20.654Z] >>> [apiv2][body] POST https://cloudresourcemanager.googleapis.com/v1/projects/production1-ae85:testIamPermissions {"permissions":["firebase.projects.get","firebasehosting.sites.update"]}
[debug] [2026-07-20T12:43:28.289Z] <<< [apiv2][status] POST https://cloudresourcemanager.googleapis.com/v1/projects/production1-ae85:testIamPermissions 200
[debug] [2026-07-20T12:43:28.290Z] <<< [apiv2][body] POST https://cloudresourcemanager.googleapis.com/v1/projects/production1-ae85:testIamPermissions {"permissions":["firebase.projects.get","firebasehosting.sites.update"]}
[debug] [2026-07-20T12:43:28.292Z] Checked if tokens are valid: true, expires at: 1784554872921
[debug] [2026-07-20T12:43:28.292Z] Checked if tokens are valid: true, expires at: 1784554872921
[debug] [2026-07-20T12:43:28.293Z] >>> [apiv2][query] GET https://firebase.googleapis.com/v1beta1/projects/production1-ae85 [none]
[debug] [2026-07-20T12:43:30.290Z] <<< [apiv2][status] GET https://firebase.googleapis.com/v1beta1/projects/production1-ae85 200
[debug] [2026-07-20T12:43:30.291Z] <<< [apiv2][body] GET https://firebase.googleapis.com/v1beta1/projects/production1-ae85 {"projectId":"production1-ae85","projectNumber":"490438031865","displayName":" Production-Deploy-DB","name":"projects/production1-ae85","resources":{"hostingSite":"production1-ae85","realtimeDatabaseInstance":"production1-ae85-default-rtdb"},"state":"ACTIVE","labels":{"firebase":"enabled"},"etag":"1_70b55c6b-6608-44b9-9679-c0276805fcdd"}
[info] 
[info] === Deploying to 'production1-ae85'...
[info] 
[info] i  deploying hosting 
[debug] [2026-07-20T12:43:30.301Z] Checked if tokens are valid: true, expires at: 1784554872921
[debug] [2026-07-20T12:43:30.301Z] Checked if tokens are valid: true, expires at: 1784554872921
[debug] [2026-07-20T12:43:30.302Z] >>> [apiv2][query] GET https://firebasehosting.googleapis.com/v1beta1/projects/production1-ae85/sites/production1-ae85 [none]
[debug] [2026-07-20T12:43:58.302Z] *** [apiv2] error from fetch(https://firebasehosting.googleapis.com/v1beta1/projects/production1-ae85/sites/production1-ae85, {"headers":{},"method":"GET"}): FetchError: request to https://firebasehosting.googleapis.com/v1beta1/projects/production1-ae85/sites/production1-ae85 failed, reason: 
[debug] [2026-07-20T12:44:03.330Z] Error: Timed out.
    at Timeout._onTimeout (C:\Users\Global\AppData\Roaming\npm\node_modules\firebase-tools\lib\utils.js:313:49)
    at listOnTimeout (node:internal/timers:605:17)
    at process.processTimers (node:internal/timers:541:7)
[error] 
[error] Error: An unexpected error has occurred.
[debug] [2026-07-20T12:44:24.064Z] ----------------------------------------------------------------------
[debug] [2026-07-20T12:44:24.068Z] Command:       C:\Program Files\nodejs\node.exe C:\Users\Global\AppData\Roaming\npm\node_modules\firebase-tools\lib\bin\firebase.js deploy
[debug] [2026-07-20T12:44:24.068Z] CLI Version:   15.22.4
[debug] [2026-07-20T12:44:24.068Z] Platform:      win32
[debug] [2026-07-20T12:44:24.069Z] Node Version:  v25.2.1
[debug] [2026-07-20T12:44:24.069Z] Detected Agent: unknown
[debug] [2026-07-20T12:44:24.069Z] Time:          Mon Jul 20 2026 15:44:24 GMT+0300 (Eastern European Summer Time)
[debug] [2026-07-20T12:44:24.069Z] ----------------------------------------------------------------------
[debug] 
[debug] [2026-07-20T12:44:27.591Z] > command requires scopes: ["email","openid","https://www.googleapis.com/auth/cloudplatformprojects.readonly","https://www.googleapis.com/auth/firebase","https://www.googleapis.com/auth/cloud-platform"]
[debug] [2026-07-20T12:44:27.592Z] > authorizing via signed-in user (work.1ae85@gmail.com)
[debug] [2026-07-20T12:44:27.592Z] [iam] checking project production1-ae85 for permissions ["firebase.projects.get","firebasehosting.sites.update"]
[debug] [2026-07-20T12:44:27.594Z] Checked if tokens are valid: true, expires at: 1784554872921
[debug] [2026-07-20T12:44:27.594Z] Checked if tokens are valid: true, expires at: 1784554872921
[debug] [2026-07-20T12:44:27.597Z] >>> [apiv2][query] POST https://cloudresourcemanager.googleapis.com/v1/projects/production1-ae85:testIamPermissions [none]
[debug] [2026-07-20T12:44:27.597Z] >>> [apiv2][(partial)header] POST https://cloudresourcemanager.googleapis.com/v1/projects/production1-ae85:testIamPermissions  x-goog-user-project=production1-ae85
[debug] [2026-07-20T12:44:27.597Z] >>> [apiv2][body] POST https://cloudresourcemanager.googleapis.com/v1/projects/production1-ae85:testIamPermissions {"permissions":["firebase.projects.get","firebasehosting.sites.update"]}
[debug] [2026-07-20T12:44:56.337Z] *** [apiv2] error from fetch(https://cloudresourcemanager.googleapis.com/v1/projects/production1-ae85:testIamPermissions, {"headers":{},"method":"POST","body":"{\"permissions\":[\"firebase.projects.get\",\"firebasehosting.sites.update\"]}"}): FetchError: request to https://cloudresourcemanager.googleapis.com/v1/projects/production1-ae85:testIamPermissions failed, reason: 
[debug] [2026-07-20T12:44:56.339Z] [iam] error while checking permissions, command may fail: Failed to make request to https://cloudresourcemanager.googleapis.com/v1/projects/production1-ae85:testIamPermissions
[debug] [2026-07-20T12:44:56.341Z] Checked if tokens are valid: true, expires at: 1784554872921
[debug] [2026-07-20T12:44:56.342Z] Checked if tokens are valid: true, expires at: 1784554872921
[debug] [2026-07-20T12:44:56.343Z] >>> [apiv2][query] GET https://firebase.googleapis.com/v1beta1/projects/production1-ae85 [none]
[debug] [2026-07-20T12:44:58.316Z] <<< [apiv2][status] GET https://firebase.googleapis.com/v1beta1/projects/production1-ae85 200
[debug] [2026-07-20T12:44:58.316Z] <<< [apiv2][body] GET https://firebase.googleapis.com/v1beta1/projects/production1-ae85 {"projectId":"production1-ae85","projectNumber":"490438031865","displayName":" Production-Deploy-DB","name":"projects/production1-ae85","resources":{"hostingSite":"production1-ae85","realtimeDatabaseInstance":"production1-ae85-default-rtdb"},"state":"ACTIVE","labels":{"firebase":"enabled"},"etag":"1_70b55c6b-6608-44b9-9679-c0276805fcdd"}
[info] 
[info] === Deploying to 'production1-ae85'...
[info] 
[info] i  deploying hosting 
[debug] [2026-07-20T12:44:58.325Z] Checked if tokens are valid: true, expires at: 1784554872921
[debug] [2026-07-20T12:44:58.325Z] Checked if tokens are valid: true, expires at: 1784554872921
[debug] [2026-07-20T12:44:58.326Z] >>> [apiv2][query] GET https://firebasehosting.googleapis.com/v1beta1/projects/production1-ae85/sites/production1-ae85 [none]
[debug] [2026-07-20T12:44:59.646Z] <<< [apiv2][status] GET https://firebasehosting.googleapis.com/v1beta1/projects/production1-ae85/sites/production1-ae85 200
[debug] [2026-07-20T12:44:59.646Z] <<< [apiv2][body] GET https://firebasehosting.googleapis.com/v1beta1/projects/production1-ae85/sites/production1-ae85 {"name":"projects/production1-ae85/sites/production1-ae85","defaultUrl":"https://production1-ae85.web.app","type":"DEFAULT_SITE"}
[debug] [2026-07-20T12:44:59.662Z] Checked if tokens are valid: true, expires at: 1784554872921
[debug] [2026-07-20T12:44:59.663Z] Checked if tokens are valid: true, expires at: 1784554872921
[debug] [2026-07-20T12:44:59.663Z] >>> [apiv2][query] POST https://firebasehosting.googleapis.com/v1beta1/projects/-/sites/production1-ae85/versions [none]
[debug] [2026-07-20T12:44:59.663Z] >>> [apiv2][body] POST https://firebasehosting.googleapis.com/v1beta1/projects/-/sites/production1-ae85/versions {"status":"CREATED","labels":{"deployment-tool":"cli-firebase"}}
[debug] [2026-07-20T12:45:02.279Z] <<< [apiv2][status] POST https://firebasehosting.googleapis.com/v1beta1/projects/-/sites/production1-ae85/versions 200
[debug] [2026-07-20T12:45:02.279Z] <<< [apiv2][body] POST https://firebasehosting.googleapis.com/v1beta1/projects/-/sites/production1-ae85/versions {"name":"projects/490438031865/sites/production1-ae85/versions/94103e79a17692e6","status":"CREATED","config":{},"labels":{"deployment-tool":"cli-firebase"}}
[info] i  hosting[production1-ae85]: beginning deploy... 
[info] i  hosting[production1-ae85]: found 1 files in y 
[debug] [2026-07-20T12:45:02.306Z] [hosting] uploading with 200 concurrency
[debug] [2026-07-20T12:45:02.333Z] [hosting] hash cache [eQ] not populated
[debug] [2026-07-20T12:45:02.342Z] Checked if tokens are valid: true, expires at: 1784554872921
[debug] [2026-07-20T12:45:02.342Z] Checked if tokens are valid: true, expires at: 1784554872921
[debug] [2026-07-20T12:45:02.343Z] [hosting] hash cache [eQ] stored for 1 files
[debug] [2026-07-20T12:45:02.344Z] [hosting][hash queue][FINAL] {"max":5,"min":5,"avg":5,"active":0,"complete":1,"success":1,"errored":0,"retried":0,"total":1,"elapsed":9}
[debug] [2026-07-20T12:45:02.344Z] >>> [apiv2][query] POST https://firebasehosting.googleapis.com/v1beta1/projects/490438031865/sites/production1-ae85/versions/94103e79a17692e6:populateFiles [none]
[debug] [2026-07-20T12:45:02.344Z] >>> [apiv2][body] POST https://firebasehosting.googleapis.com/v1beta1/projects/490438031865/sites/production1-ae85/versions/94103e79a17692e6:populateFiles {"files":{"/index.html":"38e81292743d02e60590fbc3246c6f016d3e272a158c06ef1e53f4aa440475e2"}}
[debug] [2026-07-20T12:45:03.431Z] <<< [apiv2][status] POST https://firebasehosting.googleapis.com/v1beta1/projects/490438031865/sites/production1-ae85/versions/94103e79a17692e6:populateFiles 200
[debug] [2026-07-20T12:45:03.432Z] <<< [apiv2][body] POST https://firebasehosting.googleapis.com/v1beta1/projects/490438031865/sites/production1-ae85/versions/94103e79a17692e6:populateFiles {"uploadRequiredHashes":["38e81292743d02e60590fbc3246c6f016d3e272a158c06ef1e53f4aa440475e2"],"uploadUrl":"https://upload-firebasehosting.googleapis.com/upload/sites/production1-ae85/versions/94103e79a17692e6/files"}
[debug] [2026-07-20T12:45:03.432Z] Checked if tokens are valid: true, expires at: 1784554872921
[debug] [2026-07-20T12:45:03.432Z] Checked if tokens are valid: true, expires at: 1784554872921
[debug] [2026-07-20T12:45:03.433Z] >>> [apiv2][query] POST https://upload-firebasehosting.googleapis.com/upload/sites/production1-ae85/versions/94103e79a17692e6/files/38e81292743d02e60590fbc3246c6f016d3e272a158c06ef1e53f4aa440475e2 [none]
[debug] [2026-07-20T12:45:03.433Z] >>> [apiv2][body] POST https://upload-firebasehosting.googleapis.com/upload/sites/production1-ae85/versions/94103e79a17692e6/files/38e81292743d02e60590fbc3246c6f016d3e272a158c06ef1e53f4aa440475e2 [stream]
[debug] [2026-07-20T12:45:03.434Z] [hosting][populate queue][FINAL] {"max":1091,"min":1091,"avg":1091,"active":0,"complete":1,"success":1,"errored":0,"retried":0,"total":1,"elapsed":1093}
[debug] [2026-07-20T12:45:03.434Z] [hosting] uploads queued: 1
[debug] [2026-07-20T12:45:13.168Z] <<< [apiv2][status] POST https://upload-firebasehosting.googleapis.com/upload/sites/production1-ae85/versions/94103e79a17692e6/files/38e81292743d02e60590fbc3246c6f016d3e272a158c06ef1e53f4aa440475e2 200
[debug] [2026-07-20T12:45:13.169Z] <<< [apiv2][body] POST https://upload-firebasehosting.googleapis.com/upload/sites/production1-ae85/versions/94103e79a17692e6/files/38e81292743d02e60590fbc3246c6f016d3e272a158c06ef1e53f4aa440475e2 [stream]
[debug] [2026-07-20T12:45:13.169Z] [hosting][upload queue][FINAL] {"max":9737,"min":9737,"avg":9737,"active":0,"complete":1,"success":1,"errored":0,"retried":0,"total":1,"elapsed":9737}
[info] +  hosting[production1-ae85]: file upload complete 
[debug] [2026-07-20T12:45:13.171Z] [hosting] deploy completed after 10888ms
[debug] [2026-07-20T12:45:13.171Z] [
  {
    "config": {
      "public": "y",
      "ignore": [
        "firebase.json",
        "**/.*",
        "**/node_modules/**"
      ],
      "rewrites": [
        {
          "source": "**",
          "destination": "/index.html"
        }
      ],
      "site": "production1-ae85"
    },
    "version": "projects/490438031865/sites/production1-ae85/versions/94103e79a17692e6"
  }
]
[info] i  hosting[production1-ae85]: finalizing version... 
[debug] [2026-07-20T12:45:13.176Z] Checked if tokens are valid: true, expires at: 1784554872921
[debug] [2026-07-20T12:45:13.176Z] Checked if tokens are valid: true, expires at: 1784554872921
[debug] [2026-07-20T12:45:13.191Z] >>> [apiv2][query] PATCH https://firebasehosting.googleapis.com/v1beta1/projects/-/sites/production1-ae85/versions/94103e79a17692e6 updateMask=status%2Cconfig
[debug] [2026-07-20T12:45:13.192Z] >>> [apiv2][body] PATCH https://firebasehosting.googleapis.com/v1beta1/projects/-/sites/production1-ae85/versions/94103e79a17692e6 {"status":"FINALIZED","config":{"rewrites":[{"glob":"**","path":"/index.html"}]}}
[debug] [2026-07-20T12:45:16.371Z] <<< [apiv2][status] PATCH https://firebasehosting.googleapis.com/v1beta1/projects/-/sites/production1-ae85/versions/94103e79a17692e6 200
[debug] [2026-07-20T12:45:16.371Z] <<< [apiv2][body] PATCH https://firebasehosting.googleapis.com/v1beta1/projects/-/sites/production1-ae85/versions/94103e79a17692e6 {"name":"projects/490438031865/sites/production1-ae85/versions/94103e79a17692e6","status":"FINALIZED","config":{"rewrites":[{"glob":"**","path":"/index.html"}]},"labels":{"deployment-tool":"cli-firebase"},"createTime":"2026-07-20T12:44:00.862517Z","createUser":{"email":"work.1ae85@gmail.com"},"finalizeTime":"2026-07-20T12:44:16.722320Z","finalizeUser":{"email":"work.1ae85@gmail.com"}}
[debug] [2026-07-20T12:45:16.371Z] [hosting] finalized version for production1-ae85:[object Object]
[info] +  hosting[production1-ae85]: version finalized 
[info] i  hosting[production1-ae85]: releasing new version... 
[debug] [2026-07-20T12:45:16.372Z] Checked if tokens are valid: true, expires at: 1784554872921
[debug] [2026-07-20T12:45:16.372Z] Checked if tokens are valid: true, expires at: 1784554872921
[debug] [2026-07-20T12:45:16.372Z] >>> [apiv2][query] POST https://firebasehosting.googleapis.com/v1beta1/projects/-/sites/production1-ae85/channels/live/releases versionName=projects%2F490438031865%2Fsites%2Fproduction1-ae85%2Fversions%2F94103e79a17692e6
[debug] [2026-07-20T12:45:16.372Z] >>> [apiv2][body] POST https://firebasehosting.googleapis.com/v1beta1/projects/-/sites/production1-ae85/channels/live/releases {}
[debug] [2026-07-20T12:45:17.967Z] <<< [apiv2][status] POST https://firebasehosting.googleapis.com/v1beta1/projects/-/sites/production1-ae85/channels/live/releases 200
[debug] [2026-07-20T12:45:17.968Z] <<< [apiv2][body] POST https://firebasehosting.googleapis.com/v1beta1/projects/-/sites/production1-ae85/channels/live/releases {"name":"projects/490438031865/sites/production1-ae85/channels/live/releases/1784551457313000","version":{"name":"projects/490438031865/sites/production1-ae85/versions/94103e79a17692e6","status":"FINALIZED","config":{"rewrites":[{"glob":"**","path":"/index.html"}]},"labels":{"deployment-tool":"cli-firebase"},"createTime":"2026-07-20T12:44:00.862517Z","createUser":{"email":"work.1ae85@gmail.com","imageUrl":"https://lh3.googleusercontent.com/a/ACg8ocIf_jYnSCYg6cx4v6WHFpvFe1cBsUI6sVBojwI5I4WdxHeTR_4"},"finalizeTime":"2026-07-20T12:44:16.722320Z","finalizeUser":{"email":"work.1ae85@gmail.com","imageUrl":"https://lh3.googleusercontent.com/a/ACg8ocIf_jYnSCYg6cx4v6WHFpvFe1cBsUI6sVBojwI5I4WdxHeTR_4"}},"type":"DEPLOY","releaseTime":"2026-07-20T12:44:17.313Z","releaseUser":{"email":"work.1ae85@gmail.com","imageUrl":"https://lh3.googleusercontent.com/a/ACg8ocIf_jYnSCYg6cx4v6WHFpvFe1cBsUI6sVBojwI5I4WdxHeTR_4"}}
[debug] [2026-07-20T12:45:17.968Z] [hosting] release: {"name":"projects/490438031865/sites/production1-ae85/channels/live/releases/1784551457313000","version":{"name":"projects/490438031865/sites/production1-ae85/versions/94103e79a17692e6","status":"FINALIZED","config":{"rewrites":[{"glob":"**","path":"/index.html"}]},"labels":{"deployment-tool":"cli-firebase"},"createTime":"2026-07-20T12:44:00.862517Z","createUser":{"email":"work.1ae85@gmail.com","imageUrl":"https://lh3.googleusercontent.com/a/ACg8ocIf_jYnSCYg6cx4v6WHFpvFe1cBsUI6sVBojwI5I4WdxHeTR_4"},"finalizeTime":"2026-07-20T12:44:16.722320Z","finalizeUser":{"email":"work.1ae85@gmail.com","imageUrl":"https://lh3.googleusercontent.com/a/ACg8ocIf_jYnSCYg6cx4v6WHFpvFe1cBsUI6sVBojwI5I4WdxHeTR_4"}},"type":"DEPLOY","releaseTime":"2026-07-20T12:44:17.313Z","releaseUser":{"email":"work.1ae85@gmail.com","imageUrl":"https://lh3.googleusercontent.com/a/ACg8ocIf_jYnSCYg6cx4v6WHFpvFe1cBsUI6sVBojwI5I4WdxHeTR_4"}}
[info] +  hosting[production1-ae85]: release complete 
[info] 
[info] +  Deploy complete! 
[info] 
[info] Project Console: https://console.firebase.google.com/project/production1-ae85/overview
[info] Hosting URL: https://production1-ae85.web.app
[debug] [2026-07-20T12:45:23.081Z] Error: Timed out.
    at Timeout._onTimeout (C:\Users\Global\AppData\Roaming\npm\node_modules\firebase-tools\lib\utils.js:313:49)
    at listOnTimeout (node:internal/timers:605:17)
    at process.processTimers (node:internal/timers:541:7)
[error] 
[error] Error: An unexpected error has occurred.
[debug] [2026-07-20T12:46:20.186Z] ----------------------------------------------------------------------
[debug] [2026-07-20T12:46:20.189Z] Command:       C:\Program Files\nodejs\node.exe C:\Users\Global\AppData\Roaming\npm\node_modules\firebase-tools\lib\bin\firebase.js deploy
[debug] [2026-07-20T12:46:20.190Z] CLI Version:   15.22.4
[debug] [2026-07-20T12:46:20.190Z] Platform:      win32
[debug] [2026-07-20T12:46:20.190Z] Node Version:  v25.2.1
[debug] [2026-07-20T12:46:20.190Z] Detected Agent: unknown
[debug] [2026-07-20T12:46:20.190Z] Time:          Mon Jul 20 2026 15:46:20 GMT+0300 (Eastern European Summer Time)
[debug] [2026-07-20T12:46:20.190Z] ----------------------------------------------------------------------
[debug] 
[debug] [2026-07-20T12:46:23.225Z] > command requires scopes: ["email","openid","https://www.googleapis.com/auth/cloudplatformprojects.readonly","https://www.googleapis.com/auth/firebase","https://www.googleapis.com/auth/cloud-platform"]
[debug] [2026-07-20T12:46:23.225Z] > authorizing via signed-in user (work.1ae85@gmail.com)
[debug] [2026-07-20T12:46:23.225Z] [iam] checking project production1-ae85 for permissions ["firebase.projects.get","firebasehosting.sites.update"]
[debug] [2026-07-20T12:46:23.227Z] Checked if tokens are valid: true, expires at: 1784554872921
[debug] [2026-07-20T12:46:23.227Z] Checked if tokens are valid: true, expires at: 1784554872921
[debug] [2026-07-20T12:46:23.229Z] >>> [apiv2][query] POST https://cloudresourcemanager.googleapis.com/v1/projects/production1-ae85:testIamPermissions [none]
[debug] [2026-07-20T12:46:23.229Z] >>> [apiv2][(partial)header] POST https://cloudresourcemanager.googleapis.com/v1/projects/production1-ae85:testIamPermissions  x-goog-user-project=production1-ae85
[debug] [2026-07-20T12:46:23.229Z] >>> [apiv2][body] POST https://cloudresourcemanager.googleapis.com/v1/projects/production1-ae85:testIamPermissions {"permissions":["firebase.projects.get","firebasehosting.sites.update"]}
[debug] [2026-07-20T12:46:24.102Z] <<< [apiv2][status] POST https://cloudresourcemanager.googleapis.com/v1/projects/production1-ae85:testIamPermissions 200
[debug] [2026-07-20T12:46:24.103Z] <<< [apiv2][body] POST https://cloudresourcemanager.googleapis.com/v1/projects/production1-ae85:testIamPermissions {"permissions":["firebase.projects.get","firebasehosting.sites.update"]}
[debug] [2026-07-20T12:46:24.105Z] Checked if tokens are valid: true, expires at: 1784554872921
[debug] [2026-07-20T12:46:24.106Z] Checked if tokens are valid: true, expires at: 1784554872921
[debug] [2026-07-20T12:46:24.106Z] >>> [apiv2][query] GET https://firebase.googleapis.com/v1beta1/projects/production1-ae85 [none]
[debug] [2026-07-20T12:46:28.250Z] <<< [apiv2][status] GET https://firebase.googleapis.com/v1beta1/projects/production1-ae85 200
[debug] [2026-07-20T12:46:28.251Z] <<< [apiv2][body] GET https://firebase.googleapis.com/v1beta1/projects/production1-ae85 {"projectId":"production1-ae85","projectNumber":"490438031865","displayName":" Production-Deploy-DB","name":"projects/production1-ae85","resources":{"hostingSite":"production1-ae85","realtimeDatabaseInstance":"production1-ae85-default-rtdb"},"state":"ACTIVE","labels":{"firebase":"enabled"},"etag":"1_70b55c6b-6608-44b9-9679-c0276805fcdd"}
[info] 
[info] === Deploying to 'production1-ae85'...
[info] 
[info] i  deploying hosting 
[debug] [2026-07-20T12:46:28.269Z] Checked if tokens are valid: true, expires at: 1784554872921
[debug] [2026-07-20T12:46:28.269Z] Checked if tokens are valid: true, expires at: 1784554872921
[debug] [2026-07-20T12:46:28.269Z] >>> [apiv2][query] GET https://firebasehosting.googleapis.com/v1beta1/projects/production1-ae85/sites/production1-ae85 [none]
[debug] [2026-07-20T12:46:33.458Z] <<< [apiv2][status] GET https://firebasehosting.googleapis.com/v1beta1/projects/production1-ae85/sites/production1-ae85 200
[debug] [2026-07-20T12:46:33.458Z] <<< [apiv2][body] GET https://firebasehosting.googleapis.com/v1beta1/projects/production1-ae85/sites/production1-ae85 {"name":"projects/production1-ae85/sites/production1-ae85","defaultUrl":"https://production1-ae85.web.app","type":"DEFAULT_SITE"}
[debug] [2026-07-20T12:46:33.479Z] Checked if tokens are valid: true, expires at: 1784554872921
[debug] [2026-07-20T12:46:33.479Z] Checked if tokens are valid: true, expires at: 1784554872921
[debug] [2026-07-20T12:46:33.480Z] >>> [apiv2][query] POST https://firebasehosting.googleapis.com/v1beta1/projects/-/sites/production1-ae85/versions [none]
[debug] [2026-07-20T12:46:33.480Z] >>> [apiv2][body] POST https://firebasehosting.googleapis.com/v1beta1/projects/-/sites/production1-ae85/versions {"status":"CREATED","labels":{"deployment-tool":"cli-firebase"}}
[debug] [2026-07-20T12:46:35.885Z] <<< [apiv2][status] POST https://firebasehosting.googleapis.com/v1beta1/projects/-/sites/production1-ae85/versions 200
[debug] [2026-07-20T12:46:35.886Z] <<< [apiv2][body] POST https://firebasehosting.googleapis.com/v1beta1/projects/-/sites/production1-ae85/versions {"name":"projects/490438031865/sites/production1-ae85/versions/c82dfd450056e4cb","status":"CREATED","config":{},"labels":{"deployment-tool":"cli-firebase"}}
[info] i  hosting[production1-ae85]: beginning deploy... 
[info] i  hosting[production1-ae85]: found 1 files in y 
[debug] [2026-07-20T12:46:35.907Z] [hosting] uploading with 200 concurrency
[debug] [2026-07-20T12:46:35.913Z] Checked if tokens are valid: true, expires at: 1784554872921
[debug] [2026-07-20T12:46:35.913Z] Checked if tokens are valid: true, expires at: 1784554872921
[debug] [2026-07-20T12:46:35.914Z] [hosting] hash cache [eQ] stored for 1 files
[debug] [2026-07-20T12:46:35.915Z] [hosting][hash queue][FINAL] {"max":1,"min":1,"avg":1,"active":0,"complete":1,"success":1,"errored":0,"retried":0,"total":1,"elapsed":4}
[debug] [2026-07-20T12:46:35.915Z] >>> [apiv2][query] POST https://firebasehosting.googleapis.com/v1beta1/projects/490438031865/sites/production1-ae85/versions/c82dfd450056e4cb:populateFiles [none]
[debug] [2026-07-20T12:46:35.915Z] >>> [apiv2][body] POST https://firebasehosting.googleapis.com/v1beta1/projects/490438031865/sites/production1-ae85/versions/c82dfd450056e4cb:populateFiles {"files":{"/index.html":"38e81292743d02e60590fbc3246c6f016d3e272a158c06ef1e53f4aa440475e2"}}
[debug] [2026-07-20T12:46:36.634Z] <<< [apiv2][status] POST https://firebasehosting.googleapis.com/v1beta1/projects/490438031865/sites/production1-ae85/versions/c82dfd450056e4cb:populateFiles 200
[debug] [2026-07-20T12:46:36.634Z] <<< [apiv2][body] POST https://firebasehosting.googleapis.com/v1beta1/projects/490438031865/sites/production1-ae85/versions/c82dfd450056e4cb:populateFiles {"uploadUrl":"https://upload-firebasehosting.googleapis.com/upload/sites/production1-ae85/versions/c82dfd450056e4cb/files"}
[debug] [2026-07-20T12:46:36.634Z] [hosting][populate queue][FINAL] {"max":722,"min":722,"avg":722,"active":0,"complete":1,"success":1,"errored":0,"retried":0,"total":1,"elapsed":722}
[debug] [2026-07-20T12:46:36.634Z] [hosting] uploads queued: 0
[debug] [2026-07-20T12:46:36.635Z] [hosting][upload queue][FINAL] {"max":0,"min":9999999999,"avg":0,"active":0,"complete":0,"success":0,"errored":0,"retried":0,"total":0,"elapsed":1784551596635}
[info] +  hosting[production1-ae85]: file upload complete 
[debug] [2026-07-20T12:46:36.636Z] [hosting] deploy completed after 746ms
[debug] [2026-07-20T12:46:36.636Z] [
  {
    "config": {
      "public": "y",
      "ignore": [
        "firebase.json",
        "**/.*",
        "**/node_modules/**"
      ],
      "rewrites": [
        {
          "source": "**",
          "destination": "/index.html"
        }
      ],
      "site": "production1-ae85"
    },
    "version": "projects/490438031865/sites/production1-ae85/versions/c82dfd450056e4cb"
  }
]
[info] i  hosting[production1-ae85]: finalizing version... 
[debug] [2026-07-20T12:46:36.639Z] Checked if tokens are valid: true, expires at: 1784554872921
[debug] [2026-07-20T12:46:36.639Z] Checked if tokens are valid: true, expires at: 1784554872921
[debug] [2026-07-20T12:46:36.640Z] >>> [apiv2][query] PATCH https://firebasehosting.googleapis.com/v1beta1/projects/-/sites/production1-ae85/versions/c82dfd450056e4cb updateMask=status%2Cconfig
[debug] [2026-07-20T12:46:36.640Z] >>> [apiv2][body] PATCH https://firebasehosting.googleapis.com/v1beta1/projects/-/sites/production1-ae85/versions/c82dfd450056e4cb {"status":"FINALIZED","config":{"rewrites":[{"glob":"**","path":"/index.html"}]}}
[debug] [2026-07-20T12:46:38.179Z] <<< [apiv2][status] PATCH https://firebasehosting.googleapis.com/v1beta1/projects/-/sites/production1-ae85/versions/c82dfd450056e4cb 200
[debug] [2026-07-20T12:46:38.179Z] <<< [apiv2][body] PATCH https://firebasehosting.googleapis.com/v1beta1/projects/-/sites/production1-ae85/versions/c82dfd450056e4cb {"name":"projects/490438031865/sites/production1-ae85/versions/c82dfd450056e4cb","status":"FINALIZED","config":{"rewrites":[{"glob":"**","path":"/index.html"}]},"labels":{"deployment-tool":"cli-firebase"},"createTime":"2026-07-20T12:45:34.637576Z","createUser":{"email":"work.1ae85@gmail.com"},"finalizeTime":"2026-07-20T12:45:38.512213Z","finalizeUser":{"email":"work.1ae85@gmail.com"}}
[debug] [2026-07-20T12:46:38.179Z] [hosting] finalized version for production1-ae85:[object Object]
[info] +  hosting[production1-ae85]: version finalized 
[info] i  hosting[production1-ae85]: releasing new version... 
[debug] [2026-07-20T12:46:38.182Z] Checked if tokens are valid: true, expires at: 1784554872921
[debug] [2026-07-20T12:46:38.182Z] Checked if tokens are valid: true, expires at: 1784554872921
[debug] [2026-07-20T12:46:38.183Z] >>> [apiv2][query] POST https://firebasehosting.googleapis.com/v1beta1/projects/-/sites/production1-ae85/channels/live/releases versionName=projects%2F490438031865%2Fsites%2Fproduction1-ae85%2Fversions%2Fc82dfd450056e4cb
[debug] [2026-07-20T12:46:38.183Z] >>> [apiv2][body] POST https://firebasehosting.googleapis.com/v1beta1/projects/-/sites/production1-ae85/channels/live/releases {}
[debug] [2026-07-20T12:46:39.871Z] <<< [apiv2][status] POST https://firebasehosting.googleapis.com/v1beta1/projects/-/sites/production1-ae85/channels/live/releases 200
[debug] [2026-07-20T12:46:39.872Z] <<< [apiv2][body] POST https://firebasehosting.googleapis.com/v1beta1/projects/-/sites/production1-ae85/channels/live/releases {"name":"projects/490438031865/sites/production1-ae85/channels/live/releases/1784551539119000","version":{"name":"projects/490438031865/sites/production1-ae85/versions/c82dfd450056e4cb","status":"FINALIZED","config":{"rewrites":[{"glob":"**","path":"/index.html"}]},"labels":{"deployment-tool":"cli-firebase"},"createTime":"2026-07-20T12:45:34.637576Z","createUser":{"email":"work.1ae85@gmail.com","imageUrl":"https://lh3.googleusercontent.com/a/ACg8ocIf_jYnSCYg6cx4v6WHFpvFe1cBsUI6sVBojwI5I4WdxHeTR_4"},"finalizeTime":"2026-07-20T12:45:38.512213Z","finalizeUser":{"email":"work.1ae85@gmail.com","imageUrl":"https://lh3.googleusercontent.com/a/ACg8ocIf_jYnSCYg6cx4v6WHFpvFe1cBsUI6sVBojwI5I4WdxHeTR_4"}},"type":"DEPLOY","releaseTime":"2026-07-20T12:45:39.119Z","releaseUser":{"email":"work.1ae85@gmail.com","imageUrl":"https://lh3.googleusercontent.com/a/ACg8ocIf_jYnSCYg6cx4v6WHFpvFe1cBsUI6sVBojwI5I4WdxHeTR_4"}}
[debug] [2026-07-20T12:46:39.872Z] [hosting] release: {"name":"projects/490438031865/sites/production1-ae85/channels/live/releases/1784551539119000","version":{"name":"projects/490438031865/sites/production1-ae85/versions/c82dfd450056e4cb","status":"FINALIZED","config":{"rewrites":[{"glob":"**","path":"/index.html"}]},"labels":{"deployment-tool":"cli-firebase"},"createTime":"2026-07-20T12:45:34.637576Z","createUser":{"email":"work.1ae85@gmail.com","imageUrl":"https://lh3.googleusercontent.com/a/ACg8ocIf_jYnSCYg6cx4v6WHFpvFe1cBsUI6sVBojwI5I4WdxHeTR_4"},"finalizeTime":"2026-07-20T12:45:38.512213Z","finalizeUser":{"email":"work.1ae85@gmail.com","imageUrl":"https://lh3.googleusercontent.com/a/ACg8ocIf_jYnSCYg6cx4v6WHFpvFe1cBsUI6sVBojwI5I4WdxHeTR_4"}},"type":"DEPLOY","releaseTime":"2026-07-20T12:45:39.119Z","releaseUser":{"email":"work.1ae85@gmail.com","imageUrl":"https://lh3.googleusercontent.com/a/ACg8ocIf_jYnSCYg6cx4v6WHFpvFe1cBsUI6sVBojwI5I4WdxHeTR_4"}}
[info] +  hosting[production1-ae85]: release complete 
[info] 
[info] +  Deploy complete! 
[info] 
[info] Project Console: https://console.firebase.google.com/project/production1-ae85/overview
[info] Hosting URL: https://production1-ae85.web.app
[debug] [2026-07-20T12:46:49.012Z] Error: Timed out.
    at Timeout._onTimeout (C:\Users\Global\AppData\Roaming\npm\node_modules\firebase-tools\lib\utils.js:313:49)
    at listOnTimeout (node:internal/timers:605:17)
    at process.processTimers (node:internal/timers:541:7)
[error] 
[error] Error: An unexpected error has occurred.
[debug] [2026-07-20T12:46:56.761Z] ----------------------------------------------------------------------
[debug] [2026-07-20T12:46:56.764Z] Command:       C:\Program Files\nodejs\node.exe C:\Users\Global\AppData\Roaming\npm\node_modules\firebase-tools\lib\bin\firebase.js deploy
[debug] [2026-07-20T12:46:56.765Z] CLI Version:   15.22.4
[debug] [2026-07-20T12:46:56.765Z] Platform:      win32
[debug] [2026-07-20T12:46:56.765Z] Node Version:  v25.2.1
[debug] [2026-07-20T12:46:56.765Z] Detected Agent: unknown
[debug] [2026-07-20T12:46:56.765Z] Time:          Mon Jul 20 2026 15:46:56 GMT+0300 (Eastern European Summer Time)
[debug] [2026-07-20T12:46:56.765Z] ----------------------------------------------------------------------
[debug] 
[debug] [2026-07-20T12:46:59.917Z] > command requires scopes: ["email","openid","https://www.googleapis.com/auth/cloudplatformprojects.readonly","https://www.googleapis.com/auth/firebase","https://www.googleapis.com/auth/cloud-platform"]
[debug] [2026-07-20T12:46:59.917Z] > authorizing via signed-in user (work.1ae85@gmail.com)
[debug] [2026-07-20T12:46:59.917Z] [iam] checking project production1-ae85 for permissions ["firebase.projects.get","firebasehosting.sites.update"]
[debug] [2026-07-20T12:46:59.919Z] Checked if tokens are valid: true, expires at: 1784554872921
[debug] [2026-07-20T12:46:59.919Z] Checked if tokens are valid: true, expires at: 1784554872921
[debug] [2026-07-20T12:46:59.920Z] >>> [apiv2][query] POST https://cloudresourcemanager.googleapis.com/v1/projects/production1-ae85:testIamPermissions [none]
[debug] [2026-07-20T12:46:59.921Z] >>> [apiv2][(partial)header] POST https://cloudresourcemanager.googleapis.com/v1/projects/production1-ae85:testIamPermissions  x-goog-user-project=production1-ae85
[debug] [2026-07-20T12:46:59.921Z] >>> [apiv2][body] POST https://cloudresourcemanager.googleapis.com/v1/projects/production1-ae85:testIamPermissions {"permissions":["firebase.projects.get","firebasehosting.sites.update"]}
[debug] [2026-07-20T12:47:03.974Z] <<< [apiv2][status] POST https://cloudresourcemanager.googleapis.com/v1/projects/production1-ae85:testIamPermissions 200
[debug] [2026-07-20T12:47:03.974Z] <<< [apiv2][body] POST https://cloudresourcemanager.googleapis.com/v1/projects/production1-ae85:testIamPermissions {"permissions":["firebase.projects.get","firebasehosting.sites.update"]}
[debug] [2026-07-20T12:47:03.977Z] Checked if tokens are valid: true, expires at: 1784554872921
[debug] [2026-07-20T12:47:03.977Z] Checked if tokens are valid: true, expires at: 1784554872921
[debug] [2026-07-20T12:47:03.978Z] >>> [apiv2][query] GET https://firebase.googleapis.com/v1beta1/projects/production1-ae85 [none]
[debug] [2026-07-20T12:47:05.494Z] <<< [apiv2][status] GET https://firebase.googleapis.com/v1beta1/projects/production1-ae85 200
[debug] [2026-07-20T12:47:05.494Z] <<< [apiv2][body] GET https://firebase.googleapis.com/v1beta1/projects/production1-ae85 {"projectId":"production1-ae85","projectNumber":"490438031865","displayName":" Production-Deploy-DB","name":"projects/production1-ae85","resources":{"hostingSite":"production1-ae85","realtimeDatabaseInstance":"production1-ae85-default-rtdb"},"state":"ACTIVE","labels":{"firebase":"enabled"},"etag":"1_70b55c6b-6608-44b9-9679-c0276805fcdd"}
[debug] [2026-07-20T12:47:05.501Z] Specified "public" directory "y" does not exist; Deploy to Hosting site "production1-ae85" may fail or be empty.
[info] 
[info] === Deploying to 'production1-ae85'...
[info] 
[info] i  deploying hosting 
[debug] [2026-07-20T12:47:05.509Z] Checked if tokens are valid: true, expires at: 1784554872921
[debug] [2026-07-20T12:47:05.509Z] Checked if tokens are valid: true, expires at: 1784554872921
[debug] [2026-07-20T12:47:05.510Z] >>> [apiv2][query] GET https://firebasehosting.googleapis.com/v1beta1/projects/production1-ae85/sites/production1-ae85 [none]
[debug] [2026-07-20T12:47:30.126Z] *** [apiv2] error from fetch(https://firebasehosting.googleapis.com/v1beta1/projects/production1-ae85/sites/production1-ae85, {"headers":{},"method":"GET"}): FetchError: request to https://firebasehosting.googleapis.com/v1beta1/projects/production1-ae85/sites/production1-ae85 failed, reason: 
[debug] [2026-07-20T12:47:35.173Z] Error: Timed out.
    at Timeout._onTimeout (C:\Users\Global\AppData\Roaming\npm\node_modules\firebase-tools\lib\utils.js:313:49)
    at listOnTimeout (node:internal/timers:605:17)
    at process.processTimers (node:internal/timers:541:7)
[error] 
[error] Error: An unexpected error has occurred.
